This is XeTeX, Version 3.14159265-2.6-0.999992 (TeX Live 2020) (INITEX)  17 MAY 2020 18:26
entering extended mode
 restricted \write18 enabled.
 %&-line parsing enabled.
**xetex.ini
(/tmp/texlive/texmf-dist/tex/generic/tex-ini-files/xetex.ini
(/tmp/texlive/texmf-dist/tex/generic/unicode-data/load-unicode-data.tex 
load-unicode-data.tex v1.13 (2020-04-15)
Reading Unicode data
# UnicodeData-13.0.0.txt
# Modified 2020-03-12 11:00:00 GMT [JAW]
)
(/tmp/texlive/texmf-dist/tex/generic/unicode-data/load-unicode-xetex-classes.te
x 
load-unicode-xetex-classes.tex v1.13 (2020-04-15)
Reading Unicode east Asian character class data
# LineBreak-13.0.0.txt 
# Date: 2020-02-17, 07:43:02 GMT [KW, LI] 
# EastAsianWidth-13.0.0.txt 
# Date: 2029-01-21, 18:14:00 GMT [KW, LI] 
) (/tmp/texlive/texmf-dist/tex/plain/etex/etex.src
(/tmp/texlive/texmf-dist/tex/plain/base/plain.tex
Preloading the plain format: codes, registers,
\maxdimen=\dimen10
\hideskip=\skip10
\centering=\skip11
\p@=\dimen11
\z@=\dimen12
\z@skip=\skip12
\voidb@x=\box10
 parameters,
\smallskipamount=\skip13
\medskipamount=\skip14
\bigskipamount=\skip15
\normalbaselineskip=\skip16
\normallineskip=\skip17
\normallineskiplimit=\dimen13
\jot=\dimen14
\interdisplaylinepenalty=\count23
\interfootnotelinepenalty=\count24
 fonts, more fonts,
\itfam=\fam4
\slfam=\fam5
\bffam=\fam6
\ttfam=\fam7

macros,
\strutbox=\box11
\mscount=\count25
\tabs=\box12
\tabsyet=\box13
\tabsdone=\box14
 math definitions,
\rootbox=\box15
\p@renwd=\dimen15
 output routines,
\headline=\toks10
\footline=\toks11
\footins=\insert254
\topins=\insert253
 hyphenation
(/tmp/texlive/texmf-dist/tex/generic/hyphen/hyphen.tex
[skipping from \patterns to end-of-file...]))
\et@xinput=\read0
\et@xtoks=\toks12

(/tmp/texlive/texmf-dist/tex/plain/etex/etexdefs.lib
Skipping module "grouptypes"; Loading module "interactionmodes";
Skipping module "nodetypes"; Skipping module "iftypes";)
(/tmp/texlive/texmf-var/tex/generic/config/language.def
\lang@USenglish=\language0

(/tmp/texlive/texmf-dist/tex/generic/hyphen/hyphen.tex))
Augmenting the Plain TeX definitions: \tracingall;
Adding new e-TeX definitions: \eTeX, \loggingall, \tracingnone,
register allocation;
\et@xins=\count26
 extended register allocation; 
Recycling: \addlanguage, \@nswer (not defined), \@sk, \b@dresponsetrue,
\b@dresponsefalse, \ch@ckforyn, \mayber@cycle, \et@xabort, \et@xbuf,
\et@xfmtsrc, \et@xfilehdr, \et@xinf, \et@xpatterns, \l@ngdefnfile, \n@xt,
\p@rse (not defined), \pr@mpt (not defined), \pr@mptloop (not defined),
\forcer@cycle, \usef@llback, \usef@llbacktrue, \usef@llbackfalse, 
Retaining: \et@xerr, \et@xinput, \et@xlibhdr, \et@xmsg, \et@xtoks, \et@xwarn,
\et@xl@@d, \et@xl@ad, \et@xload, \et@xlang, \et@xhash, \eTeX, \etexhdrchk,
\etexstatus, \module, \uselanguage, \r@tain, \r@cycle,)
\xe@alloc@intercharclass=\count27

 )
Beginning to dump on file xetex.fmt
 (preloaded format=xetex 2020.5.17)
70353 strings of total length 56866
11602 memory locations dumped; current usage is 647&7494
3808 multiletter control sequences
\font\nullfont=nullfont
\font\tenrm=cmr10
\font\sevenrm=cmr7
\font\fiverm=cmr5
\font\teni=cmmi10
\font\seveni=cmmi7
\font\fivei=cmmi5
\font\tensy=cmsy10
\font\sevensy=cmsy7
\font\fivesy=cmsy5
\font\tenex=cmex10
\font\tenbf=cmbx10
\font\sevenbf=cmbx7
\font\fivebf=cmbx5
\font\tentt=cmtt10
\font\tensl=cmsl10
\font\tenit=cmti10
4739 words of font info for 16 preloaded fonts
14 hyphenation exceptions
Hyphenation trie of length 6076 has 181 ops out of 35111
  181 for language 0
No pages of output.
